<?xml version="1.0" encoding="UTF-8"?>
<!-- Generated by org.testng.reporters.JUnitReportReporter -->
<testsuite hostname="fsociety" failures="0" tests="1" name="registerUser.S100_testRegisterUser" time="21.144" errors="0" timestamp="2021-11-18T19:09:07 IST" skipped="0">
  <testcase classname="registerUser.S100_testRegisterUser" name="registerPageTest" time="21.144"/>
  <system-out/>
</testsuite> <!-- registerUser.S100_testRegisterUser -->
